[debug] [2021-02-02T13:16:38.790Z] ----------------------------------------------------------------------
[debug] [2021-02-02T13:16:38.792Z] Command:       /Users/sasakijukana/.nvm/versions/node/v15.1.0/bin/node /Users/sasakijukana/.nvm/versions/node/v15.1.0/bin/firebase deploy --only functions
[debug] [2021-02-02T13:16:38.792Z] CLI Version:   9.3.0
[debug] [2021-02-02T13:16:38.792Z] Platform:      darwin
[debug] [2021-02-02T13:16:38.792Z] Node Version:  v15.1.0
[debug] [2021-02-02T13:16:38.793Z] Time:          Tue Feb 02 2021 22:16:38 GMT+0900 (日本標準時)
[debug] [2021-02-02T13:16:38.794Z] ----------------------------------------------------------------------
[debug] [2021-02-02T13:16:38.794Z] 
[debug] [2021-02-02T13:16:38.802Z] > command requires scopes: ["email","openid","https://www.googleapis.com/auth/cloudplatformprojects.readonly","https://www.googleapis.com/auth/firebase","https://www.googleapis.com/auth/cloud-platform"]
[debug] [2021-02-02T13:16:38.802Z] > authorizing via signed-in user
[debug] [2021-02-02T13:16:38.802Z] [iam] checking project blanky-2fc41 for permissions ["cloudfunctions.functions.create","cloudfunctions.functions.delete","cloudfunctions.functions.get","cloudfunctions.functions.list","cloudfunctions.functions.update","cloudfunctions.operations.get","firebase.projects.get"]
[debug] [2021-02-02T13:16:38.804Z] >>> HTTP REQUEST POST https://cloudresourcemanager.googleapis.com/v1/projects/blanky-2fc41:testIamPermissions  
 {"permissions":["cloudfunctions.functions.create","cloudfunctions.functions.delete","cloudfunctions.functions.get","cloudfunctions.functions.list","cloudfunctions.functions.update","cloudfunctions.operations.get","firebase.projects.get"]}
[debug] [2021-02-02T13:17:14.589Z] ----------------------------------------------------------------------
[debug] [2021-02-02T13:17:14.592Z] Command:       /Users/sasakijukana/.nvm/versions/node/v15.1.0/bin/node /Users/sasakijukana/.nvm/versions/node/v15.1.0/bin/firebase deploy --only functions
[debug] [2021-02-02T13:17:14.592Z] CLI Version:   9.3.0
[debug] [2021-02-02T13:17:14.593Z] Platform:      darwin
[debug] [2021-02-02T13:17:14.593Z] Node Version:  v15.1.0
[debug] [2021-02-02T13:17:14.594Z] Time:          Tue Feb 02 2021 22:17:14 GMT+0900 (日本標準時)
[debug] [2021-02-02T13:17:14.594Z] ----------------------------------------------------------------------
[debug] [2021-02-02T13:17:14.595Z] 
[debug] [2021-02-02T13:17:14.600Z] > command requires scopes: ["email","openid","https://www.googleapis.com/auth/cloudplatformprojects.readonly","https://www.googleapis.com/auth/firebase","https://www.googleapis.com/auth/cloud-platform"]
[debug] [2021-02-02T13:17:14.601Z] > authorizing via signed-in user
[debug] [2021-02-02T13:17:14.601Z] [iam] checking project blanky-2fc41 for permissions ["cloudfunctions.functions.create","cloudfunctions.functions.delete","cloudfunctions.functions.get","cloudfunctions.functions.list","cloudfunctions.functions.update","cloudfunctions.operations.get","firebase.projects.get"]
[debug] [2021-02-02T13:17:14.605Z] >>> HTTP REQUEST POST https://cloudresourcemanager.googleapis.com/v1/projects/blanky-2fc41:testIamPermissions  
 {"permissions":["cloudfunctions.functions.create","cloudfunctions.functions.delete","cloudfunctions.functions.get","cloudfunctions.functions.list","cloudfunctions.functions.update","cloudfunctions.operations.get","firebase.projects.get"]}
[debug] [2021-02-02T13:25:01.410Z] ----------------------------------------------------------------------
[debug] [2021-02-02T13:25:01.412Z] Command:       /Users/sasakijukana/.nvm/versions/node/v15.1.0/bin/node /Users/sasakijukana/.nvm/versions/node/v15.1.0/bin/firebase deploy --only functions
[debug] [2021-02-02T13:25:01.413Z] CLI Version:   9.3.0
[debug] [2021-02-02T13:25:01.413Z] Platform:      darwin
[debug] [2021-02-02T13:25:01.413Z] Node Version:  v15.1.0
[debug] [2021-02-02T13:25:01.414Z] Time:          Tue Feb 02 2021 22:25:01 GMT+0900 (日本標準時)
[debug] [2021-02-02T13:25:01.414Z] ----------------------------------------------------------------------
[debug] [2021-02-02T13:25:01.414Z] 
[debug] [2021-02-02T13:25:01.423Z] > command requires scopes: ["email","openid","https://www.googleapis.com/auth/cloudplatformprojects.readonly","https://www.googleapis.com/auth/firebase","https://www.googleapis.com/auth/cloud-platform"]
[debug] [2021-02-02T13:25:01.423Z] > authorizing via signed-in user
[debug] [2021-02-02T13:25:01.423Z] [iam] checking project blanky-2fc41 for permissions ["cloudfunctions.functions.create","cloudfunctions.functions.delete","cloudfunctions.functions.get","cloudfunctions.functions.list","cloudfunctions.functions.update","cloudfunctions.operations.get","firebase.projects.get"]
[debug] [2021-02-02T13:25:01.426Z] >>> HTTP REQUEST POST https://cloudresourcemanager.googleapis.com/v1/projects/blanky-2fc41:testIamPermissions  
 {"permissions":["cloudfunctions.functions.create","cloudfunctions.functions.delete","cloudfunctions.functions.get","cloudfunctions.functions.list","cloudfunctions.functions.update","cloudfunctions.operations.get","firebase.projects.get"]}
